<?xml version="1.0" encoding="UTF-8"?>
<testng-results ignored="0" total="1" passed="1" failed="0" skipped="0">
  <reporter-output>
  </reporter-output>
  <suite started-at="2022-11-21T11:25:16 IST" name="Default suite" finished-at="2022-11-21T11:25:33 IST" duration-ms="17264">
    <groups>
    </groups>
    <test started-at="2022-11-21T11:25:16 IST" name="Default test" finished-at="2022-11-21T11:25:33 IST" duration-ms="17264">
      <class name="Com.Selenium_FW.Standolone_Test">
        <test-method signature="Sree()[pri:0, instance:Com.Selenium_FW.Standolone_Test@20ce78ec]" started-at="2022-11-21T11:25:16 IST" name="Sree" finished-at="2022-11-21T11:25:33 IST" duration-ms="17235" status="PASS">
          <reporter-output>
          </reporter-output>
        </test-method> <!-- Sree -->
      </class> <!-- Com.Selenium_FW.Standolone_Test -->
    </test> <!-- Default test -->
  </suite> <!-- Default suite -->
</testng-results>
