<?xml version="1.0" encoding="UTF-8"?>
<testng-results ignored="0" total="1" passed="1" failed="0" skipped="0">
  <reporter-output>
  </reporter-output>
  <suite started-at="2022-11-25T07:07:03 IST" name="Default suite" finished-at="2022-11-25T07:07:58 IST" duration-ms="54471">
    <groups>
    </groups>
    <test started-at="2022-11-25T07:07:03 IST" name="Default test" finished-at="2022-11-25T07:07:58 IST" duration-ms="54471">
      <class name="Com.Selenium_FW.Adding_To_Cart">
        <test-method signature="adding()[pri:0, instance:Com.Selenium_FW.Adding_To_Cart@20deea7f]" started-at="2022-11-25T07:07:04 IST" name="adding" finished-at="2022-11-25T07:07:58 IST" duration-ms="54402" status="PASS">
          <reporter-output>
          </reporter-output>
        </test-method> <!-- adding -->
      </class> <!-- Com.Selenium_FW.Adding_To_Cart -->
    </test> <!-- Default test -->
  </suite> <!-- Default suite -->
</testng-results>
